[19.867s] DEBUG:colcon:Command line arguments: ['/usr/bin/colcon', 'build']
[19.868s] DEBUG:colcon:Parsed command line arguments: Namespace(allow_overriding=[], ament_cmake_args=None, base_paths=['.'], build_base='build', catkin_cmake_args=None, catkin_skip_building_tests=False, cmake_args=None, cmake_clean_cache=False, cmake_clean_first=False, cmake_force_configure=False, cmake_target=None, cmake_target_skip_unavailable=False, continue_on_error=False, event_handlers=None, executor='parallel', ignore_user_meta=False, install_base='install', log_base=None, log_level=None, main=<bound method BuildVerb.main of <colcon_core.verb.build.BuildVerb object at 0xffff88dcf0a0>>, merge_install=False, metas=['./colcon.meta'], packages_above=None, packages_above_and_dependencies=None, packages_above_depth=None, packages_end=None, packages_ignore=None, packages_ignore_regex=None, packages_select=None, packages_select_build_failed=False, packages_select_by_dep=None, packages_select_regex=None, packages_select_test_failures=False, packages_skip=None, packages_skip_build_finished=False, packages_skip_by_dep=None, packages_skip_regex=None, packages_skip_test_passed=False, packages_skip_up_to=None, packages_start=None, packages_up_to=None, packages_up_to_regex=None, parallel_workers=4, paths=None, symlink_install=False, test_result_base=None, verb_extension=<colcon_core.verb.build.BuildVerb object at 0xffff88dcf0a0>, verb_name='build', verb_parser=<colcon_defaults.argument_parser.defaults.DefaultArgumentsDecorator object at 0xffff889d88b0>)
[20.710s] Level 1:colcon.colcon_core.package_discovery:discover_packages(colcon_meta) check parameters
[20.710s] Level 1:colcon.colcon_core.package_discovery:discover_packages(recursive) check parameters
[20.710s] Level 1:colcon.colcon_core.package_discovery:discover_packages(ignore) check parameters
[20.711s] Level 1:colcon.colcon_core.package_discovery:discover_packages(path) check parameters
[20.711s] Level 1:colcon.colcon_core.package_discovery:discover_packages(colcon_meta) discover
[20.711s] Level 1:colcon.colcon_core.package_discovery:discover_packages(recursive) discover
[20.711s] INFO:colcon.colcon_core.package_discovery:Crawling recursively for packages in '/home/shant/ros2_ws'
[20.712s] Level 1:colcon.colcon_core.package_identification:_identify(.) by extensions ['ignore', 'ignore_ament_install']
[20.712s] Level 1:colcon.colcon_core.package_identification:_identify(.) by extension 'ignore'
[20.712s] Level 1:colcon.colcon_core.package_identification:_identify(.) by extension 'ignore_ament_install'
[20.712s] Level 1:colcon.colcon_core.package_identification:_identify(.) by extensions ['colcon_pkg']
[20.713s] Level 1:colcon.colcon_core.package_identification:_identify(.) by extension 'colcon_pkg'
[20.713s] Level 1:colcon.colcon_core.package_identification:_identify(.) by extensions ['colcon_meta']
[20.713s] Level 1:colcon.colcon_core.package_identification:_identify(.) by extension 'colcon_meta'
[20.713s] Level 1:colcon.colcon_core.package_identification:_identify(.) by extensions ['ros']
[20.713s] Level 1:colcon.colcon_core.package_identification:_identify(.) by extension 'ros'
[20.761s] Level 1:colcon.colcon_core.package_identification:_identify(.) by extensions ['cmake', 'python']
[20.761s] Level 1:colcon.colcon_core.package_identification:_identify(.) by extension 'cmake'
[20.761s] Level 1:colcon.colcon_core.package_identification:_identify(.) by extension 'python'
[20.761s] Level 1:colcon.colcon_core.package_identification:_identify(.) by extensions ['python_setup_py']
[20.761s] Level 1:colcon.colcon_core.package_identification:_identify(.) by extension 'python_setup_py'
[20.762s] Level 1:colcon.colcon_core.package_identification:_identify(build) by extensions ['ignore', 'ignore_ament_install']
[20.762s] Level 1:colcon.colcon_core.package_identification:_identify(build) by extension 'ignore'
[20.763s] Level 1:colcon.colcon_core.package_identification:_identify(build) ignored
[20.763s] Level 1:colcon.colcon_core.package_identification:_identify(install) by extensions ['ignore', 'ignore_ament_install']
[20.764s] Level 1:colcon.colcon_core.package_identification:_identify(install) by extension 'ignore'
[20.764s] Level 1:colcon.colcon_core.package_identification:_identify(install) ignored
[20.765s] Level 1:colcon.colcon_core.package_identification:_identify(log) by extensions ['ignore', 'ignore_ament_install']
[20.765s] Level 1:colcon.colcon_core.package_identification:_identify(log) by extension 'ignore'
[20.765s] Level 1:colcon.colcon_core.package_identification:_identify(log) ignored
[20.765s] Level 1:colcon.colcon_core.package_identification:_identify(src) by extensions ['ignore', 'ignore_ament_install']
[20.766s] Level 1:colcon.colcon_core.package_identification:_identify(src) by extension 'ignore'
[20.766s] Level 1:colcon.colcon_core.package_identification:_identify(src) by extension 'ignore_ament_install'
[20.766s] Level 1:colcon.colcon_core.package_identification:_identify(src) by extensions ['colcon_pkg']
[20.767s] Level 1:colcon.colcon_core.package_identification:_identify(src) by extension 'colcon_pkg'
[20.767s] Level 1:colcon.colcon_core.package_identification:_identify(src) by extensions ['colcon_meta']
[20.767s] Level 1:colcon.colcon_core.package_identification:_identify(src) by extension 'colcon_meta'
[20.767s] Level 1:colcon.colcon_core.package_identification:_identify(src) by extensions ['ros']
[20.767s] Level 1:colcon.colcon_core.package_identification:_identify(src) by extension 'ros'
[20.768s] Level 1:colcon.colcon_core.package_identification:_identify(src) by extensions ['cmake', 'python']
[20.768s] Level 1:colcon.colcon_core.package_identification:_identify(src) by extension 'cmake'
[20.768s] Level 1:colcon.colcon_core.package_identification:_identify(src) by extension 'python'
[20.768s] Level 1:colcon.colcon_core.package_identification:_identify(src) by extensions ['python_setup_py']
[20.768s] Level 1:colcon.colcon_core.package_identification:_identify(src) by extension 'python_setup_py'
[20.769s] Level 1:colcon.colcon_core.package_identification:_identify(src/auto_car) by extensions ['ignore', 'ignore_ament_install']
[20.769s] Level 1:colcon.colcon_core.package_identification:_identify(src/auto_car) by extension 'ignore'
[20.769s] Level 1:colcon.colcon_core.package_identification:_identify(src/auto_car) by extension 'ignore_ament_install'
[20.770s] Level 1:colcon.colcon_core.package_identification:_identify(src/auto_car) by extensions ['colcon_pkg']
[20.770s] Level 1:colcon.colcon_core.package_identification:_identify(src/auto_car) by extension 'colcon_pkg'
[20.770s] Level 1:colcon.colcon_core.package_identification:_identify(src/auto_car) by extensions ['colcon_meta']
[20.770s] Level 1:colcon.colcon_core.package_identification:_identify(src/auto_car) by extension 'colcon_meta'
[20.770s] Level 1:colcon.colcon_core.package_identification:_identify(src/auto_car) by extensions ['ros']
[20.771s] Level 1:colcon.colcon_core.package_identification:_identify(src/auto_car) by extension 'ros'
[20.779s] DEBUG:colcon.colcon_core.package_identification:Package 'src/auto_car' with type 'ros.ament_cmake' and name 'auto_car'
[20.780s] Level 1:colcon.colcon_core.package_discovery:discover_packages(recursive) using defaults
[20.780s] Level 1:colcon.colcon_core.package_discovery:discover_packages(ignore) discover
[20.780s] Level 1:colcon.colcon_core.package_discovery:discover_packages(ignore) using defaults
[20.780s] Level 1:colcon.colcon_core.package_discovery:discover_packages(path) discover
[20.780s] Level 1:colcon.colcon_core.package_discovery:discover_packages(path) using defaults
[22.606s] Level 1:colcon.colcon_core.package_discovery:discover_packages(prefix_path) check parameters
[22.607s] Level 1:colcon.colcon_core.package_discovery:discover_packages(prefix_path) discover
[23.327s] DEBUG:colcon.colcon_installed_package_information.package_discovery:Found 1 installed packages in /home/shant/ros2_ws/install
[23.689s] DEBUG:colcon.colcon_installed_package_information.package_discovery:Found 179 installed packages in /opt/ros/galactic
[23.694s] Level 1:colcon.colcon_core.package_discovery:discover_packages(prefix_path) using defaults
[24.631s] Level 5:colcon.colcon_core.verb:set package 'auto_car' build argument 'cmake_args' from command line to 'None'
[24.631s] Level 5:colcon.colcon_core.verb:set package 'auto_car' build argument 'cmake_target' from command line to 'None'
[24.631s] Level 5:colcon.colcon_core.verb:set package 'auto_car' build argument 'cmake_target_skip_unavailable' from command line to 'False'
[24.631s] Level 5:colcon.colcon_core.verb:set package 'auto_car' build argument 'cmake_clean_cache' from command line to 'False'
[24.631s] Level 5:colcon.colcon_core.verb:set package 'auto_car' build argument 'cmake_clean_first' from command line to 'False'
[24.631s] Level 5:colcon.colcon_core.verb:set package 'auto_car' build argument 'cmake_force_configure' from command line to 'False'
[24.631s] Level 5:colcon.colcon_core.verb:set package 'auto_car' build argument 'ament_cmake_args' from command line to 'None'
[24.632s] Level 5:colcon.colcon_core.verb:set package 'auto_car' build argument 'catkin_cmake_args' from command line to 'None'
[24.632s] Level 5:colcon.colcon_core.verb:set package 'auto_car' build argument 'catkin_skip_building_tests' from command line to 'False'
[24.632s] DEBUG:colcon.colcon_core.verb:Building package 'auto_car' with the following arguments: {'ament_cmake_args': None, 'build_base': '/home/shant/ros2_ws/build/auto_car', 'catkin_cmake_args': None, 'catkin_skip_building_tests': False, 'cmake_args': None, 'cmake_clean_cache': False, 'cmake_clean_first': False, 'cmake_force_configure': False, 'cmake_target': None, 'cmake_target_skip_unavailable': False, 'install_base': '/home/shant/ros2_ws/install/auto_car', 'merge_install': False, 'path': '/home/shant/ros2_ws/src/auto_car', 'symlink_install': False, 'test_result_base': None}
[24.994s] INFO:colcon.colcon_core.executor:Executing jobs using 'parallel' executor
[25.358s] DEBUG:colcon.colcon_parallel_executor.executor.parallel:run_until_complete
[25.359s] INFO:colcon.colcon_ros.task.ament_cmake.build:Building ROS package in '/home/shant/ros2_ws/src/auto_car' with build type 'ament_cmake'
[25.360s] INFO:colcon.colcon_cmake.task.cmake.build:Building CMake package in '/home/shant/ros2_ws/src/auto_car'
[25.779s] INFO:colcon.colcon_core.plugin_system:Skipping extension 'colcon_core.shell.bat': Not used on non-Windows systems
[25.780s] INFO:colcon.colcon_core.shell:Skip shell extension 'powershell' for command environment: Not usable outside of PowerShell
[25.780s] DEBUG:colcon.colcon_core.shell:Skip shell extension 'dsv' for command environment
[26.963s] DEBUG:colcon.colcon_core.event_handler.log_command:Invoking command in '/home/shant/ros2_ws/build/auto_car': CMAKE_PREFIX_PATH=${CMAKE_PREFIX_PATH}:/opt/ros/galactic /usr/bin/cmake --build /home/shant/ros2_ws/build/auto_car -- -j4 -l4
[59.675s] DEBUG:colcon.colcon_core.event_handler.log_command:Invoked command in '/home/shant/ros2_ws/build/auto_car' returned '0': CMAKE_PREFIX_PATH=${CMAKE_PREFIX_PATH}:/opt/ros/galactic /usr/bin/cmake --build /home/shant/ros2_ws/build/auto_car -- -j4 -l4
[59.879s] DEBUG:colcon.colcon_core.event_handler.log_command:Invoking command in '/home/shant/ros2_ws/build/auto_car': CMAKE_PREFIX_PATH=${CMAKE_PREFIX_PATH}:/opt/ros/galactic /usr/bin/cmake --install /home/shant/ros2_ws/build/auto_car
[59.966s] Level 1:colcon.colcon_core.environment:create_environment_scripts_only(auto_car)
[59.967s] DEBUG:colcon.colcon_core.event_handler.log_command:Invoked command in '/home/shant/ros2_ws/build/auto_car' returned '0': CMAKE_PREFIX_PATH=${CMAKE_PREFIX_PATH}:/opt/ros/galactic /usr/bin/cmake --install /home/shant/ros2_ws/build/auto_car
[60.356s] Level 1:colcon.colcon_core.environment:checking '/home/shant/ros2_ws/install/auto_car' for CMake module files
[60.359s] Level 1:colcon.colcon_core.environment:checking '/home/shant/ros2_ws/install/auto_car' for CMake config files
[60.360s] Level 1:colcon.colcon_core.shell:create_environment_hook('auto_car', 'cmake_prefix_path')
[60.730s] INFO:colcon.colcon_core.shell:Creating environment hook '/home/shant/ros2_ws/install/auto_car/share/auto_car/hook/cmake_prefix_path.ps1'
[60.733s] INFO:colcon.colcon_core.shell:Creating environment descriptor '/home/shant/ros2_ws/install/auto_car/share/auto_car/hook/cmake_prefix_path.dsv'
[60.735s] INFO:colcon.colcon_core.shell:Creating environment hook '/home/shant/ros2_ws/install/auto_car/share/auto_car/hook/cmake_prefix_path.sh'
[60.739s] Level 1:colcon.colcon_core.environment:checking '/home/shant/ros2_ws/install/auto_car/lib'
[60.740s] Level 1:colcon.colcon_core.environment:checking '/home/shant/ros2_ws/install/auto_car/bin'
[60.740s] Level 1:colcon.colcon_core.environment:checking '/home/shant/ros2_ws/install/auto_car/lib/pkgconfig/auto_car.pc'
[60.741s] Level 1:colcon.colcon_core.environment:checking '/home/shant/ros2_ws/install/auto_car/lib/python3.8/site-packages'
[60.742s] Level 1:colcon.colcon_core.environment:checking '/home/shant/ros2_ws/install/auto_car/bin'
[61.119s] INFO:colcon.colcon_core.shell:Creating package script '/home/shant/ros2_ws/install/auto_car/share/auto_car/package.ps1'
[61.122s] INFO:colcon.colcon_core.shell:Creating package descriptor '/home/shant/ros2_ws/install/auto_car/share/auto_car/package.dsv'
[61.124s] INFO:colcon.colcon_core.shell:Creating package script '/home/shant/ros2_ws/install/auto_car/share/auto_car/package.sh'
[61.128s] INFO:colcon.colcon_core.shell:Creating package script '/home/shant/ros2_ws/install/auto_car/share/auto_car/package.bash'
[61.131s] INFO:colcon.colcon_core.shell:Creating package script '/home/shant/ros2_ws/install/auto_car/share/auto_car/package.zsh'
[61.134s] Level 1:colcon.colcon_core.environment:create_file_with_runtime_dependencies(/home/shant/ros2_ws/install/auto_car/share/colcon-core/packages/auto_car)
[61.665s] Level 1:colcon.colcon_core.environment:create_environment_scripts_only(auto_car)
[62.040s] Level 1:colcon.colcon_core.environment:checking '/home/shant/ros2_ws/install/auto_car' for CMake module files
[62.043s] Level 1:colcon.colcon_core.environment:checking '/home/shant/ros2_ws/install/auto_car' for CMake config files
[62.044s] Level 1:colcon.colcon_core.shell:create_environment_hook('auto_car', 'cmake_prefix_path')
[62.422s] INFO:colcon.colcon_core.shell:Creating environment hook '/home/shant/ros2_ws/install/auto_car/share/auto_car/hook/cmake_prefix_path.ps1'
[62.424s] INFO:colcon.colcon_core.shell:Creating environment descriptor '/home/shant/ros2_ws/install/auto_car/share/auto_car/hook/cmake_prefix_path.dsv'
[62.426s] INFO:colcon.colcon_core.shell:Creating environment hook '/home/shant/ros2_ws/install/auto_car/share/auto_car/hook/cmake_prefix_path.sh'
[62.428s] Level 1:colcon.colcon_core.environment:checking '/home/shant/ros2_ws/install/auto_car/lib'
[62.428s] Level 1:colcon.colcon_core.environment:checking '/home/shant/ros2_ws/install/auto_car/bin'
[62.429s] Level 1:colcon.colcon_core.environment:checking '/home/shant/ros2_ws/install/auto_car/lib/pkgconfig/auto_car.pc'
[62.430s] Level 1:colcon.colcon_core.environment:checking '/home/shant/ros2_ws/install/auto_car/lib/python3.8/site-packages'
[62.430s] Level 1:colcon.colcon_core.environment:checking '/home/shant/ros2_ws/install/auto_car/bin'
[62.807s] INFO:colcon.colcon_core.shell:Creating package script '/home/shant/ros2_ws/install/auto_car/share/auto_car/package.ps1'
[62.810s] INFO:colcon.colcon_core.shell:Creating package descriptor '/home/shant/ros2_ws/install/auto_car/share/auto_car/package.dsv'
[62.812s] INFO:colcon.colcon_core.shell:Creating package script '/home/shant/ros2_ws/install/auto_car/share/auto_car/package.sh'
[62.814s] INFO:colcon.colcon_core.shell:Creating package script '/home/shant/ros2_ws/install/auto_car/share/auto_car/package.bash'
[62.816s] INFO:colcon.colcon_core.shell:Creating package script '/home/shant/ros2_ws/install/auto_car/share/auto_car/package.zsh'
[62.817s] Level 1:colcon.colcon_core.environment:create_file_with_runtime_dependencies(/home/shant/ros2_ws/install/auto_car/share/colcon-core/packages/auto_car)
[62.818s] DEBUG:colcon.colcon_parallel_executor.executor.parallel:closing loop
[62.819s] DEBUG:colcon.colcon_parallel_executor.executor.parallel:loop closed
[62.820s] DEBUG:colcon.colcon_parallel_executor.executor.parallel:run_until_complete finished with '0'
[62.820s] DEBUG:colcon.colcon_core.event_reactor:joining thread
[63.210s] INFO:colcon.colcon_core.plugin_system:Skipping extension 'colcon_notification.desktop_notification.notify_send': Could not find 'notify-send'
[63.211s] INFO:colcon.colcon_core.plugin_system:Skipping extension 'colcon_notification.desktop_notification.terminal_notifier': Not used on non-Darwin systems
[63.211s] INFO:colcon.colcon_core.plugin_system:Skipping extension 'colcon_notification.desktop_notification.win32': Not used on non-Windows systems
[63.211s] INFO:colcon.colcon_notification.desktop_notification:Sending desktop notification using 'notify2'
[63.214s] DEBUG:colcon.colcon_notification.desktop_notification.notify2:Failed to initialize notify2: org.freedesktop.DBus.Error.ServiceUnknown: The name org.freedesktop.Notifications was not provided by any .service files
[63.214s] DEBUG:colcon.colcon_core.event_reactor:joined thread
[63.575s] INFO:colcon.colcon_core.shell:Creating prefix script '/home/shant/ros2_ws/install/local_setup.ps1'
[63.579s] INFO:colcon.colcon_core.shell:Creating prefix util module '/home/shant/ros2_ws/install/_local_setup_util_ps1.py'
[63.584s] INFO:colcon.colcon_core.shell:Creating prefix chain script '/home/shant/ros2_ws/install/setup.ps1'
[63.946s] INFO:colcon.colcon_core.shell:Creating prefix script '/home/shant/ros2_ws/install/local_setup.sh'
[63.949s] INFO:colcon.colcon_core.shell:Creating prefix util module '/home/shant/ros2_ws/install/_local_setup_util_sh.py'
[63.951s] INFO:colcon.colcon_core.shell:Creating prefix chain script '/home/shant/ros2_ws/install/setup.sh'
[64.315s] INFO:colcon.colcon_core.shell:Creating prefix script '/home/shant/ros2_ws/install/local_setup.bash'
[64.317s] INFO:colcon.colcon_core.shell:Creating prefix chain script '/home/shant/ros2_ws/install/setup.bash'
[64.677s] INFO:colcon.colcon_core.shell:Creating prefix script '/home/shant/ros2_ws/install/local_setup.zsh'
[64.680s] INFO:colcon.colcon_core.shell:Creating prefix chain script '/home/shant/ros2_ws/install/setup.zsh'
