[19.845s] DEBUG:colcon:Command line arguments: ['/usr/bin/colcon', 'build']
[19.845s] DEBUG:colcon:Parsed command line arguments: Namespace(allow_overriding=[], ament_cmake_args=None, base_paths=['.'], build_base='build', catkin_cmake_args=None, catkin_skip_building_tests=False, cmake_args=None, cmake_clean_cache=False, cmake_clean_first=False, cmake_force_configure=False, cmake_target=None, cmake_target_skip_unavailable=False, continue_on_error=False, event_handlers=None, executor='parallel', ignore_user_meta=False, install_base='install', log_base=None, log_level=None, main=<bound method BuildVerb.main of <colcon_core.verb.build.BuildVerb object at 0xffff889160a0>>, merge_install=False, metas=['./colcon.meta'], packages_above=None, packages_above_and_dependencies=None, packages_above_depth=None, packages_end=None, packages_ignore=None, packages_ignore_regex=None, packages_select=None, packages_select_build_failed=False, packages_select_by_dep=None, packages_select_regex=None, packages_select_test_failures=False, packages_skip=None, packages_skip_build_finished=False, packages_skip_by_dep=None, packages_skip_regex=None, packages_skip_test_passed=False, packages_skip_up_to=None, packages_start=None, packages_up_to=None, packages_up_to_regex=None, parallel_workers=4, paths=None, symlink_install=False, test_result_base=None, verb_extension=<colcon_core.verb.build.BuildVerb object at 0xffff889160a0>, verb_name='build', verb_parser=<colcon_defaults.argument_parser.defaults.DefaultArgumentsDecorator object at 0xffff8851fa90>)
[20.667s] Level 1:colcon.colcon_core.package_discovery:discover_packages(colcon_meta) check parameters
[20.668s] Level 1:colcon.colcon_core.package_discovery:discover_packages(recursive) check parameters
[20.668s] Level 1:colcon.colcon_core.package_discovery:discover_packages(ignore) check parameters
[20.668s] Level 1:colcon.colcon_core.package_discovery:discover_packages(path) check parameters
[20.668s] Level 1:colcon.colcon_core.package_discovery:discover_packages(colcon_meta) discover
[20.668s] Level 1:colcon.colcon_core.package_discovery:discover_packages(recursive) discover
[20.669s] INFO:colcon.colcon_core.package_discovery:Crawling recursively for packages in '/home/shant/ros2_ws'
[20.669s] Level 1:colcon.colcon_core.package_identification:_identify(.) by extensions ['ignore', 'ignore_ament_install']
[20.669s] Level 1:colcon.colcon_core.package_identification:_identify(.) by extension 'ignore'
[20.670s] Level 1:colcon.colcon_core.package_identification:_identify(.) by extension 'ignore_ament_install'
[20.670s] Level 1:colcon.colcon_core.package_identification:_identify(.) by extensions ['colcon_pkg']
[20.670s] Level 1:colcon.colcon_core.package_identification:_identify(.) by extension 'colcon_pkg'
[20.670s] Level 1:colcon.colcon_core.package_identification:_identify(.) by extensions ['colcon_meta']
[20.671s] Level 1:colcon.colcon_core.package_identification:_identify(.) by extension 'colcon_meta'
[20.671s] Level 1:colcon.colcon_core.package_identification:_identify(.) by extensions ['ros']
[20.671s] Level 1:colcon.colcon_core.package_identification:_identify(.) by extension 'ros'
[20.717s] Level 1:colcon.colcon_core.package_identification:_identify(.) by extensions ['cmake', 'python']
[20.718s] Level 1:colcon.colcon_core.package_identification:_identify(.) by extension 'cmake'
[20.718s] Level 1:colcon.colcon_core.package_identification:_identify(.) by extension 'python'
[20.718s] Level 1:colcon.colcon_core.package_identification:_identify(.) by extensions ['python_setup_py']
[20.718s] Level 1:colcon.colcon_core.package_identification:_identify(.) by extension 'python_setup_py'
[20.719s] Level 1:colcon.colcon_core.package_identification:_identify(build) by extensions ['ignore', 'ignore_ament_install']
[20.719s] Level 1:colcon.colcon_core.package_identification:_identify(build) by extension 'ignore'
[20.720s] Level 1:colcon.colcon_core.package_identification:_identify(build) ignored
[20.720s] Level 1:colcon.colcon_core.package_identification:_identify(install) by extensions ['ignore', 'ignore_ament_install']
[20.721s] Level 1:colcon.colcon_core.package_identification:_identify(install) by extension 'ignore'
[20.721s] Level 1:colcon.colcon_core.package_identification:_identify(install) ignored
[20.721s] Level 1:colcon.colcon_core.package_identification:_identify(log) by extensions ['ignore', 'ignore_ament_install']
[20.722s] Level 1:colcon.colcon_core.package_identification:_identify(log) by extension 'ignore'
[20.722s] Level 1:colcon.colcon_core.package_identification:_identify(log) ignored
[20.722s] Level 1:colcon.colcon_core.package_identification:_identify(src) by extensions ['ignore', 'ignore_ament_install']
[20.723s] Level 1:colcon.colcon_core.package_identification:_identify(src) by extension 'ignore'
[20.723s] Level 1:colcon.colcon_core.package_identification:_identify(src) by extension 'ignore_ament_install'
[20.723s] Level 1:colcon.colcon_core.package_identification:_identify(src) by extensions ['colcon_pkg']
[20.723s] Level 1:colcon.colcon_core.package_identification:_identify(src) by extension 'colcon_pkg'
[20.724s] Level 1:colcon.colcon_core.package_identification:_identify(src) by extensions ['colcon_meta']
[20.724s] Level 1:colcon.colcon_core.package_identification:_identify(src) by extension 'colcon_meta'
[20.724s] Level 1:colcon.colcon_core.package_identification:_identify(src) by extensions ['ros']
[20.724s] Level 1:colcon.colcon_core.package_identification:_identify(src) by extension 'ros'
[20.724s] Level 1:colcon.colcon_core.package_identification:_identify(src) by extensions ['cmake', 'python']
[20.725s] Level 1:colcon.colcon_core.package_identification:_identify(src) by extension 'cmake'
[20.725s] Level 1:colcon.colcon_core.package_identification:_identify(src) by extension 'python'
[20.725s] Level 1:colcon.colcon_core.package_identification:_identify(src) by extensions ['python_setup_py']
[20.725s] Level 1:colcon.colcon_core.package_identification:_identify(src) by extension 'python_setup_py'
[20.726s] Level 1:colcon.colcon_core.package_identification:_identify(src/auto_car) by extensions ['ignore', 'ignore_ament_install']
[20.726s] Level 1:colcon.colcon_core.package_identification:_identify(src/auto_car) by extension 'ignore'
[20.726s] Level 1:colcon.colcon_core.package_identification:_identify(src/auto_car) by extension 'ignore_ament_install'
[20.727s] Level 1:colcon.colcon_core.package_identification:_identify(src/auto_car) by extensions ['colcon_pkg']
[20.727s] Level 1:colcon.colcon_core.package_identification:_identify(src/auto_car) by extension 'colcon_pkg'
[20.727s] Level 1:colcon.colcon_core.package_identification:_identify(src/auto_car) by extensions ['colcon_meta']
[20.727s] Level 1:colcon.colcon_core.package_identification:_identify(src/auto_car) by extension 'colcon_meta'
[20.727s] Level 1:colcon.colcon_core.package_identification:_identify(src/auto_car) by extensions ['ros']
[20.728s] Level 1:colcon.colcon_core.package_identification:_identify(src/auto_car) by extension 'ros'
[20.737s] DEBUG:colcon.colcon_core.package_identification:Package 'src/auto_car' with type 'ros.ament_cmake' and name 'auto_car'
[20.737s] Level 1:colcon.colcon_core.package_discovery:discover_packages(recursive) using defaults
[20.737s] Level 1:colcon.colcon_core.package_discovery:discover_packages(ignore) discover
[20.737s] Level 1:colcon.colcon_core.package_discovery:discover_packages(ignore) using defaults
[20.737s] Level 1:colcon.colcon_core.package_discovery:discover_packages(path) discover
[20.738s] Level 1:colcon.colcon_core.package_discovery:discover_packages(path) using defaults
[22.565s] Level 1:colcon.colcon_core.package_discovery:discover_packages(prefix_path) check parameters
[22.566s] Level 1:colcon.colcon_core.package_discovery:discover_packages(prefix_path) discover
[23.281s] DEBUG:colcon.colcon_installed_package_information.package_discovery:Found 1 installed packages in /home/shant/ros2_ws/install
[23.646s] DEBUG:colcon.colcon_installed_package_information.package_discovery:Found 179 installed packages in /opt/ros/galactic
[23.652s] Level 1:colcon.colcon_core.package_discovery:discover_packages(prefix_path) using defaults
[24.587s] Level 5:colcon.colcon_core.verb:set package 'auto_car' build argument 'cmake_args' from command line to 'None'
[24.587s] Level 5:colcon.colcon_core.verb:set package 'auto_car' build argument 'cmake_target' from command line to 'None'
[24.587s] Level 5:colcon.colcon_core.verb:set package 'auto_car' build argument 'cmake_target_skip_unavailable' from command line to 'False'
[24.587s] Level 5:colcon.colcon_core.verb:set package 'auto_car' build argument 'cmake_clean_cache' from command line to 'False'
[24.588s] Level 5:colcon.colcon_core.verb:set package 'auto_car' build argument 'cmake_clean_first' from command line to 'False'
[24.588s] Level 5:colcon.colcon_core.verb:set package 'auto_car' build argument 'cmake_force_configure' from command line to 'False'
[24.588s] Level 5:colcon.colcon_core.verb:set package 'auto_car' build argument 'ament_cmake_args' from command line to 'None'
[24.588s] Level 5:colcon.colcon_core.verb:set package 'auto_car' build argument 'catkin_cmake_args' from command line to 'None'
[24.588s] Level 5:colcon.colcon_core.verb:set package 'auto_car' build argument 'catkin_skip_building_tests' from command line to 'False'
[24.588s] DEBUG:colcon.colcon_core.verb:Building package 'auto_car' with the following arguments: {'ament_cmake_args': None, 'build_base': '/home/shant/ros2_ws/build/auto_car', 'catkin_cmake_args': None, 'catkin_skip_building_tests': False, 'cmake_args': None, 'cmake_clean_cache': False, 'cmake_clean_first': False, 'cmake_force_configure': False, 'cmake_target': None, 'cmake_target_skip_unavailable': False, 'install_base': '/home/shant/ros2_ws/install/auto_car', 'merge_install': False, 'path': '/home/shant/ros2_ws/src/auto_car', 'symlink_install': False, 'test_result_base': None}
[24.941s] INFO:colcon.colcon_core.executor:Executing jobs using 'parallel' executor
[25.300s] DEBUG:colcon.colcon_parallel_executor.executor.parallel:run_until_complete
[25.301s] INFO:colcon.colcon_ros.task.ament_cmake.build:Building ROS package in '/home/shant/ros2_ws/src/auto_car' with build type 'ament_cmake'
[25.302s] INFO:colcon.colcon_cmake.task.cmake.build:Building CMake package in '/home/shant/ros2_ws/src/auto_car'
[25.714s] INFO:colcon.colcon_core.plugin_system:Skipping extension 'colcon_core.shell.bat': Not used on non-Windows systems
[25.715s] INFO:colcon.colcon_core.shell:Skip shell extension 'powershell' for command environment: Not usable outside of PowerShell
[25.715s] DEBUG:colcon.colcon_core.shell:Skip shell extension 'dsv' for command environment
[26.880s] DEBUG:colcon.colcon_core.event_handler.log_command:Invoking command in '/home/shant/ros2_ws/build/auto_car': CMAKE_PREFIX_PATH=${CMAKE_PREFIX_PATH}:/opt/ros/galactic /usr/bin/cmake --build /home/shant/ros2_ws/build/auto_car -- -j4 -l4
[43.531s] DEBUG:colcon.colcon_core.event_handler.log_command:Invoked command in '/home/shant/ros2_ws/build/auto_car' returned '2': CMAKE_PREFIX_PATH=${CMAKE_PREFIX_PATH}:/opt/ros/galactic /usr/bin/cmake --build /home/shant/ros2_ws/build/auto_car -- -j4 -l4
[44.063s] Level 1:colcon.colcon_core.environment:create_environment_scripts_only(auto_car)
[44.444s] Level 1:colcon.colcon_core.environment:checking '/home/shant/ros2_ws/install/auto_car' for CMake module files
[44.446s] Level 1:colcon.colcon_core.environment:checking '/home/shant/ros2_ws/install/auto_car' for CMake config files
[44.448s] Level 1:colcon.colcon_core.environment:checking '/home/shant/ros2_ws/install/auto_car/bin'
[44.449s] Level 1:colcon.colcon_core.environment:checking '/home/shant/ros2_ws/install/auto_car/lib/pkgconfig/auto_car.pc'
[44.450s] Level 1:colcon.colcon_core.environment:checking '/home/shant/ros2_ws/install/auto_car/lib/python3.8/site-packages'
[44.450s] Level 1:colcon.colcon_core.environment:checking '/home/shant/ros2_ws/install/auto_car/bin'
[44.825s] INFO:colcon.colcon_core.shell:Creating package script '/home/shant/ros2_ws/install/auto_car/share/auto_car/package.ps1'
[44.828s] INFO:colcon.colcon_core.shell:Creating package descriptor '/home/shant/ros2_ws/install/auto_car/share/auto_car/package.dsv'
[44.831s] INFO:colcon.colcon_core.shell:Creating package script '/home/shant/ros2_ws/install/auto_car/share/auto_car/package.sh'
[44.834s] INFO:colcon.colcon_core.shell:Creating package script '/home/shant/ros2_ws/install/auto_car/share/auto_car/package.bash'
[44.838s] INFO:colcon.colcon_core.shell:Creating package script '/home/shant/ros2_ws/install/auto_car/share/auto_car/package.zsh'
[44.841s] Level 1:colcon.colcon_core.environment:create_file_with_runtime_dependencies(/home/shant/ros2_ws/install/auto_car/share/colcon-core/packages/auto_car)
[44.843s] DEBUG:colcon.colcon_parallel_executor.executor.parallel:closing loop
[44.844s] DEBUG:colcon.colcon_parallel_executor.executor.parallel:loop closed
[44.844s] DEBUG:colcon.colcon_parallel_executor.executor.parallel:run_until_complete finished with '2'
[44.845s] DEBUG:colcon.colcon_core.event_reactor:joining thread
[45.229s] INFO:colcon.colcon_core.plugin_system:Skipping extension 'colcon_notification.desktop_notification.notify_send': Could not find 'notify-send'
[45.229s] INFO:colcon.colcon_core.plugin_system:Skipping extension 'colcon_notification.desktop_notification.terminal_notifier': Not used on non-Darwin systems
[45.230s] INFO:colcon.colcon_core.plugin_system:Skipping extension 'colcon_notification.desktop_notification.win32': Not used on non-Windows systems
[45.230s] INFO:colcon.colcon_notification.desktop_notification:Sending desktop notification using 'notify2'
[45.232s] DEBUG:colcon.colcon_notification.desktop_notification.notify2:Failed to initialize notify2: org.freedesktop.DBus.Error.ServiceUnknown: The name org.freedesktop.Notifications was not provided by any .service files
[45.233s] DEBUG:colcon.colcon_core.event_reactor:joined thread
[45.598s] INFO:colcon.colcon_core.shell:Creating prefix script '/home/shant/ros2_ws/install/local_setup.ps1'
[45.602s] INFO:colcon.colcon_core.shell:Creating prefix util module '/home/shant/ros2_ws/install/_local_setup_util_ps1.py'
[45.607s] INFO:colcon.colcon_core.shell:Creating prefix chain script '/home/shant/ros2_ws/install/setup.ps1'
[45.974s] INFO:colcon.colcon_core.shell:Creating prefix script '/home/shant/ros2_ws/install/local_setup.sh'
[45.977s] INFO:colcon.colcon_core.shell:Creating prefix util module '/home/shant/ros2_ws/install/_local_setup_util_sh.py'
[45.979s] INFO:colcon.colcon_core.shell:Creating prefix chain script '/home/shant/ros2_ws/install/setup.sh'
[46.348s] INFO:colcon.colcon_core.shell:Creating prefix script '/home/shant/ros2_ws/install/local_setup.bash'
[46.350s] INFO:colcon.colcon_core.shell:Creating prefix chain script '/home/shant/ros2_ws/install/setup.bash'
[46.717s] INFO:colcon.colcon_core.shell:Creating prefix script '/home/shant/ros2_ws/install/local_setup.zsh'
[46.720s] INFO:colcon.colcon_core.shell:Creating prefix chain script '/home/shant/ros2_ws/install/setup.zsh'
